<?xml version="1.0" encoding="UTF-8" ?>
<testsuite tests="20" failures="0" name="com.revature.services.ReimbServiceTest" time="0.08" errors="0" skipped="0">
  <properties>
    <property name="java.runtime.name" value="OpenJDK Runtime Environment"/>
    <property name="sun.boot.library.path" value="C:\Program Files\AdoptOpenJDK\jdk-8.0.262.10-hotspot\jre\bin"/>
    <property name="java.vm.version" value="25.262-b10"/>
    <property name="java.vm.vendor" value="AdoptOpenJDK"/>
    <property name="maven.multiModuleProjectDirectory" value="C:\Users\Mia\Documents\GitHub\RevatureJavaRepos\mia_capoli_p1"/>
    <property name="java.vendor.url" value="http://java.oracle.com/"/>
    <property name="path.separator" value=";"/>
    <property name="guice.disable.misplaced.annotation.check" value="true"/>
    <property name="java.vm.name" value="OpenJDK 64-Bit Server VM"/>
    <property name="file.encoding.pkg" value="sun.io"/>
    <property name="user.script" value=""/>
    <property name="user.country" value="US"/>
    <property name="sun.java.launcher" value="SUN_STANDARD"/>
    <property name="sun.os.patch.level" value=""/>
    <property name="java.vm.specification.name" value="Java Virtual Machine Specification"/>
    <property name="user.dir" value="C:\Users\Mia\Documents\GitHub\RevatureJavaRepos\mia_capoli_p1"/>
    <property name="java.runtime.version" value="1.8.0_262-b10"/>
    <property name="java.awt.graphicsenv" value="sun.awt.Win32GraphicsEnvironment"/>
    <property name="java.endorsed.dirs" value="C:\Program Files\AdoptOpenJDK\jdk-8.0.262.10-hotspot\jre\lib\endorsed"/>
    <property name="os.arch" value="amd64"/>
    <property name="java.io.tmpdir" value="C:\Users\Mia\AppData\Local\Temp\"/>
    <property name="line.separator" value="
"/>
    <property name="java.vm.specification.vendor" value="Oracle Corporation"/>
    <property name="user.variant" value=""/>
    <property name="os.name" value="Windows 10"/>
    <property name="classworlds.conf" value="D:\Program Files\apache-maven-3.6.3\bin\..\bin\m2.conf"/>
    <property name="sun.jnu.encoding" value="Cp1252"/>
    <property name="java.library.path" value="C:\Program Files\AdoptOpenJDK\jdk-8.0.262.10-hotspot\bin;C:\WINDOWS\Sun\Java\bin;C:\WINDOWS\system32;C:\WINDOWS;C:\Program Files\AdoptOpenJDK\jdk-8.0.262.10-hotspot\bin;C:\Program Files (x86)\Common Files\Oracle\Java\javapath;C:\Program Files (x86)\Common Files\Intel\Shared Libraries\redist\intel64\compiler;C:\WINDOWS\system32;C:\WINDOWS;C:\WINDOWS\System32\Wbem;C:\WINDOWS\System32\WindowsPowerShell\v1.0\;C:\WINDOWS\System32\OpenSSH\;C:\Program Files\Common Files\Autodesk Shared\;C:\Program Files\nodejs\;D:\Program Files\apache-maven-3.6.3\bin;C:\Program Files\Git\cmd;C:\Program Files\Docker\Docker\resources\bin;C:\ProgramData\DockerDesktop\version-bin;C:\Users\Mia\AppData\Local\Microsoft\WindowsApps;C:\Users\Mia\AppData\Local\GitHubDesktop\bin;C:\Users\Mia\AppData\Local\Microsoft\WindowsApps;C:\Users\Mia\AppData\Local\Programs\Microsoft VS Code\bin;C:\Users\Mia\AppData\Roaming\npm;D:\Program Files\apache-maven-3.6.3\bin;;."/>
    <property name="maven.conf" value="D:\Program Files\apache-maven-3.6.3\bin\../conf"/>
    <property name="java.specification.name" value="Java Platform API Specification"/>
    <property name="java.class.version" value="52.0"/>
    <property name="sun.management.compiler" value="HotSpot 64-Bit Tiered Compilers"/>
    <property name="os.version" value="10.0"/>
    <property name="library.jansi.path" value="D:\Program Files\apache-maven-3.6.3\bin\..\lib\jansi-native"/>
    <property name="user.home" value="C:\Users\Mia"/>
    <property name="user.timezone" value="America/New_York"/>
    <property name="java.awt.printerjob" value="sun.awt.windows.WPrinterJob"/>
    <property name="java.specification.version" value="1.8"/>
    <property name="file.encoding" value="Cp1252"/>
    <property name="user.name" value="Mia"/>
    <property name="java.class.path" value="D:\Program Files\apache-maven-3.6.3\bin\..\boot\plexus-classworlds-2.6.0.jar"/>
    <property name="java.vm.specification.version" value="1.8"/>
    <property name="sun.arch.data.model" value="64"/>
    <property name="java.home" value="C:\Program Files\AdoptOpenJDK\jdk-8.0.262.10-hotspot\jre"/>
    <property name="sun.java.command" value="org.codehaus.plexus.classworlds.launcher.Launcher tomcat7:deploy"/>
    <property name="java.specification.vendor" value="Oracle Corporation"/>
    <property name="user.language" value="en"/>
    <property name="awt.toolkit" value="sun.awt.windows.WToolkit"/>
    <property name="java.vm.info" value="mixed mode"/>
    <property name="java.version" value="1.8.0_262"/>
    <property name="java.ext.dirs" value="C:\Program Files\AdoptOpenJDK\jdk-8.0.262.10-hotspot\jre\lib\ext;C:\WINDOWS\Sun\Java\lib\ext"/>
    <property name="sun.boot.class.path" value="C:\Program Files\AdoptOpenJDK\jdk-8.0.262.10-hotspot\jre\lib\resources.jar;C:\Program Files\AdoptOpenJDK\jdk-8.0.262.10-hotspot\jre\lib\rt.jar;C:\Program Files\AdoptOpenJDK\jdk-8.0.262.10-hotspot\jre\lib\sunrsasign.jar;C:\Program Files\AdoptOpenJDK\jdk-8.0.262.10-hotspot\jre\lib\jsse.jar;C:\Program Files\AdoptOpenJDK\jdk-8.0.262.10-hotspot\jre\lib\jce.jar;C:\Program Files\AdoptOpenJDK\jdk-8.0.262.10-hotspot\jre\lib\charsets.jar;C:\Program Files\AdoptOpenJDK\jdk-8.0.262.10-hotspot\jre\lib\jfr.jar;C:\Program Files\AdoptOpenJDK\jdk-8.0.262.10-hotspot\jre\classes"/>
    <property name="sun.stderr.encoding" value="cp437"/>
    <property name="java.vendor" value="AdoptOpenJDK"/>
    <property name="maven.home" value="D:\Program Files\apache-maven-3.6.3\bin\.."/>
    <property name="file.separator" value="\"/>
    <property name="java.vendor.url.bug" value="http://bugreport.sun.com/bugreport/"/>
    <property name="sun.cpu.endian" value="little"/>
    <property name="sun.io.unicode.encoding" value="UnicodeLittle"/>
    <property name="sun.stdout.encoding" value="cp437"/>
    <property name="sun.desktop" value="windows"/>
    <property name="sun.cpu.isalist" value="amd64"/>
  </properties>
  <testcase classname="com.revature.services.ReimbServiceTest" name="getAllUserReimbsbyIDStatusZeroTest" time="0.018"/>
  <testcase classname="com.revature.services.ReimbServiceTest" name="getAllUSerReimbsbyIDStatusNoneTest" time="0.002"/>
  <testcase classname="com.revature.services.ReimbServiceTest" name="getAllReimbsbyStatusZeroTest" time="0.001"/>
  <testcase classname="com.revature.services.ReimbServiceTest" name="getAllReimbsTest" time="0.001"/>
  <testcase classname="com.revature.services.ReimbServiceTest" name="updateReimbTest" time="0.051"/>
  <testcase classname="com.revature.services.ReimbServiceTest" name="getAllReimbsbyStatusNoneTest" time="0"/>
  <testcase classname="com.revature.services.ReimbServiceTest" name="addNewReimbursementTest" time="0"/>
  <testcase classname="com.revature.services.ReimbServiceTest" name="getAllUSerReimbsbyStatusNoneTest" time="0.001"/>
  <testcase classname="com.revature.services.ReimbServiceTest" name="getAllReimbsbyTypeNoneTest" time="0.001"/>
  <testcase classname="com.revature.services.ReimbServiceTest" name="updateReimbInvalidStatus" time="0.001"/>
  <testcase classname="com.revature.services.ReimbServiceTest" name="addNewReimbursementFailTest" time="0.001"/>
  <testcase classname="com.revature.services.ReimbServiceTest" name="getAllReimbsbyUSerIdTest" time="0"/>
  <testcase classname="com.revature.services.ReimbServiceTest" name="getAllReimbsbyIdStatusTest" time="0.001"/>
  <testcase classname="com.revature.services.ReimbServiceTest" name="getAllUserReimbsbyStatusZeroTest" time="0"/>
  <testcase classname="com.revature.services.ReimbServiceTest" name="updateReimbInvalidInputTest" time="0"/>
  <testcase classname="com.revature.services.ReimbServiceTest" name="updateReimbStatus" time="0.001"/>
  <testcase classname="com.revature.services.ReimbServiceTest" name="updateReimbInvalidTest" time="0.001"/>
  <testcase classname="com.revature.services.ReimbServiceTest" name="getAllReimbsbyStatusTest" time="0"/>
  <testcase classname="com.revature.services.ReimbServiceTest" name="getAllReimbsbyTypeTest" time="0"/>
  <testcase classname="com.revature.services.ReimbServiceTest" name="getAllReimbsNoneTest" time="0"/>
</testsuite>